2021-08-16T00:04:34+00:00 NOTICE action_scheduler.queue_job :: MailChimp_WooCommerce_Single_Order starts in 90 seconds :: obj_id 434
2021-08-16T00:05:01+00:00 NOTICE debug :: Order ID 434 was pending and is now processing :: Array
(
    [new_order] => 1
    [tracking] => Array
        (
            [campaign_id] => 
            [landing_site] => http://127.0.0.1:81/wordpress/wordpress/checkout/order-received/433/?key=wc_order_I8WCzaBbGV3n7
        )

)

2021-08-16T00:05:01+00:00 NOTICE action_scheduler.queue_job :: MailChimp_WooCommerce_User_Submit queued :: obj_id 9
2021-08-16T00:05:11+00:00 NOTICE member.sync :: Updated Member jamesb@sainsedu.tech :: Array
(
    [previous_status] => transactional
    [status] => 1
    [merge_fields] => Array
        (
            [FNAME] => James
            [LNAME] => Beth
        )

)

2021-08-16T00:06:56+00:00 ERROR order_submit.error :: addStoreOrder :: #434 :: Error Code 400 :: <p>order_url: That is not a valid URL: http://localhost:81/wordpress/my-account/view-order/434/</p> on 1886 in C:\Bitnami\wordpress-5.6-0\apps\wordpress\htdocs\wp-content\plugins\mailchimp-for-woocommerce\includes\api\class-mailchimp-api.php
2021-08-16T00:35:35+00:00 NOTICE debug :: Order ID 434 was processing and is now completed :: Array
(
    [new_order] => 
    [tracking] => 
)

2021-08-16T00:35:38+00:00 NOTICE action_scheduler.queue_job :: MailChimp_WooCommerce_Single_Order starts in 90 seconds :: obj_id 434
2021-08-16T00:37:25+00:00 ERROR order_submit.error :: addStoreOrder :: #434 :: Error Code 400 :: <p>order_url: That is not a valid URL: http://localhost:81/wordpress/my-account/view-order/434/</p> on 1886 in C:\Bitnami\wordpress-5.6-0\apps\wordpress\htdocs\wp-content\plugins\mailchimp-for-woocommerce\includes\api\class-mailchimp-api.php
